<?xml version="1.0" encoding="UTF-8"?>
<!-- Generated by org.testng.reporters.JUnitReportReporter -->
<testsuite skipped="0" hostname="DESKTOP-0JUEEOV" name="com.example.scrabble.service.ScrabbleGameServiceTest" tests="6" failures="0" timestamp="07 Jun 2018 22:38:50 GMT" time="0.977" errors="1">
  <testcase name="getGamesList" time="0.039" classname="com.example.scrabble.service.ScrabbleGameServiceTest"/>
  <testcase name="testPlayAWordinWrongDirection" time="0.905" classname="com.example.scrabble.service.ScrabbleGameServiceTest"/>
  <testcase name="testCreate" time="0.002" classname="com.example.scrabble.service.ScrabbleGameServiceTest"/>
  <testcase name="testGetGameBoard" time="0.025" classname="com.example.scrabble.service.ScrabbleGameServiceTest"/>
  <testcase name="testPlayAWordDown" time="0.005" classname="com.example.scrabble.service.ScrabbleGameServiceTest"/>
  <testcase name="getMatchHistory" time="0.001" classname="com.example.scrabble.service.ScrabbleGameServiceTest">
    <error type="java.lang.RuntimeException" message="Test not implemented">
      <![CDATA[java.lang.RuntimeException: Test not implemented
at com.example.scrabble.service.ScrabbleGameServiceTest.getMatchHistory(ScrabbleGameServiceTest.java:76)
at sun.reflect.NativeMethodAccessorImpl.invoke0(Native Method)
at sun.reflect.NativeMethodAccessorImpl.invoke(Unknown Source)
at sun.reflect.DelegatingMethodAccessorImpl.invoke(Unknown Source)
at java.lang.reflect.Method.invoke(Unknown Source)
at org.testng.internal.MethodInvocationHelper.invokeMethod(MethodInvocationHelper.java:124)
at org.testng.internal.Invoker.invokeMethod(Invoker.java:580)
at org.testng.internal.Invoker.invokeTestMethod(Invoker.java:716)
at org.testng.internal.Invoker.invokeTestMethods(Invoker.java:988)
at org.testng.internal.TestMethodWorker.invokeTestMethods(TestMethodWorker.java:125)
at org.testng.internal.TestMethodWorker.run(TestMethodWorker.java:109)
at org.testng.TestRunner.privateRun(TestRunner.java:648)
at org.testng.TestRunner.run(TestRunner.java:505)
at org.testng.SuiteRunner.runTest(SuiteRunner.java:455)
at org.testng.SuiteRunner.runSequentially(SuiteRunner.java:450)
at org.testng.SuiteRunner.privateRun(SuiteRunner.java:415)
at org.testng.SuiteRunner.run(SuiteRunner.java:364)
at org.testng.SuiteRunnerWorker.runSuite(SuiteRunnerWorker.java:52)
at org.testng.SuiteRunnerWorker.run(SuiteRunnerWorker.java:84)
at org.testng.TestNG.runSuitesSequentially(TestNG.java:1208)
at org.testng.TestNG.runSuitesLocally(TestNG.java:1137)
at org.testng.TestNG.runSuites(TestNG.java:1049)
at org.testng.TestNG.run(TestNG.java:1017)
at org.testng.remote.AbstractRemoteTestNG.run(AbstractRemoteTestNG.java:114)
at org.testng.remote.RemoteTestNG.initAndRun(RemoteTestNG.java:251)
at org.testng.remote.RemoteTestNG.main(RemoteTestNG.java:77)
]]>
    </error>
  </testcase> <!-- getMatchHistory -->
</testsuite> <!-- com.example.scrabble.service.ScrabbleGameServiceTest -->
